CRITICAL - 2023-05-03 07:48:37 --> Request URI segment is out of range: "2"
in SYSTEMPATH\HTTP\URI.php on line 549.
 1 SYSTEMPATH\HTTP\URI.php(549): CodeIgniter\HTTP\Exceptions\HTTPException::forURISegmentOutOfRange(2)
 2 APPPATH\Views\includes\sidebar.php(21): CodeIgniter\HTTP\URI->getSegment(2)
 3 SYSTEMPATH\View\View.php(213): include('C:\\xampp\\htdocs\\CPESD-IS4V2\\app\\Views\\includes\\sidebar.php')
 4 SYSTEMPATH\View\View.php(216): CodeIgniter\View\View->CodeIgniter\View\{closure}()
 5 SYSTEMPATH\Common.php(1184): CodeIgniter\View\View->render('includes/sidebar.php', [], true)
 6 APPPATH\Views\auth\registration.php(43): view('includes/sidebar.php')
 7 SYSTEMPATH\View\View.php(213): include('C:\\xampp\\htdocs\\CPESD-IS4V2\\app\\Views\\auth\\registration.php')
 8 SYSTEMPATH\View\View.php(216): CodeIgniter\View\View->CodeIgniter\View\{closure}()
 9 SYSTEMPATH\Common.php(1184): CodeIgniter\View\View->render('auth/registration', [], true)
10 APPPATH\Controllers\auth\RegisterController.php(13): view('auth/registration', [...])
11 SYSTEMPATH\CodeIgniter.php(934): App\Controllers\Auth\RegisterController->index()
12 SYSTEMPATH\CodeIgniter.php(499): CodeIgniter\CodeIgniter->runController(Object(App\Controllers\Auth\RegisterController))
13 SYSTEMPATH\CodeIgniter.php(368): CodeIgniter\CodeIgniter->handleRequest(null, Object(Config\Cache), false)
14 FCPATH\index.php(67): CodeIgniter\CodeIgniter->run()
CRITICAL - 2023-05-03 07:51:40 --> Undefined variable $barangay
in APPPATH\Views\auth\registration.php on line 50.
 1 APPPATH\Views\auth\registration.php(50): CodeIgniter\Debug\Exceptions->errorHandler(2, 'Undefined variable $barangay', 'C:\\xampp\\htdocs\\CPESD-IS4V2\\app\\Views\\auth\\registration.php', 50)
 2 SYSTEMPATH\View\View.php(213): include('C:\\xampp\\htdocs\\CPESD-IS4V2\\app\\Views\\auth\\registration.php')
 3 SYSTEMPATH\View\View.php(216): CodeIgniter\View\View->CodeIgniter\View\{closure}()
 4 SYSTEMPATH\Common.php(1184): CodeIgniter\View\View->render('auth/registration', [], true)
 5 APPPATH\Controllers\auth\RegisterController.php(13): view('auth/registration', [...])
 6 SYSTEMPATH\CodeIgniter.php(934): App\Controllers\Auth\RegisterController->index()
 7 SYSTEMPATH\CodeIgniter.php(499): CodeIgniter\CodeIgniter->runController(Object(App\Controllers\Auth\RegisterController))
 8 SYSTEMPATH\CodeIgniter.php(368): CodeIgniter\CodeIgniter->handleRequest(null, Object(Config\Cache), false)
 9 FCPATH\index.php(67): CodeIgniter\CodeIgniter->run()
CRITICAL - 2023-05-03 08:07:08 --> syntax error, unexpected token "public"
in APPPATH\Controllers\auth\RegisterController.php on line 24.
 1 SYSTEMPATH\Autoloader\Autoloader.php(289): CodeIgniter\Autoloader\Autoloader->includeFile('C:\\xampp\\htdocs\\CPESD-IS4V2\\app\\Controllers\\auth\\RegisterController.php')
 2 SYSTEMPATH\Autoloader\Autoloader.php(267): CodeIgniter\Autoloader\Autoloader->loadInNamespace('App\\Controllers\\auth\\RegisterController')
 3 [internal function]: CodeIgniter\Autoloader\Autoloader->loadClass('App\\Controllers\\auth\\RegisterController')
 4 SYSTEMPATH\CodeIgniter.php(892): class_exists('\\App\\Controllers\\auth\\RegisterController', true)
 5 SYSTEMPATH\CodeIgniter.php(486): CodeIgniter\CodeIgniter->startController()
 6 SYSTEMPATH\CodeIgniter.php(368): CodeIgniter\CodeIgniter->handleRequest(null, Object(Config\Cache), false)
 7 FCPATH\index.php(67): CodeIgniter\CodeIgniter->run()
CRITICAL - 2023-05-03 08:07:25 --> syntax error, unexpected token "public"
in APPPATH\Controllers\auth\RegisterController.php on line 24.
 1 SYSTEMPATH\Autoloader\Autoloader.php(289): CodeIgniter\Autoloader\Autoloader->includeFile('C:\\xampp\\htdocs\\CPESD-IS4V2\\app\\Controllers\\auth\\RegisterController.php')
 2 SYSTEMPATH\Autoloader\Autoloader.php(267): CodeIgniter\Autoloader\Autoloader->loadInNamespace('App\\Controllers\\auth\\RegisterController')
 3 [internal function]: CodeIgniter\Autoloader\Autoloader->loadClass('App\\Controllers\\auth\\RegisterController')
 4 SYSTEMPATH\CodeIgniter.php(892): class_exists('\\App\\Controllers\\auth\\RegisterController', true)
 5 SYSTEMPATH\CodeIgniter.php(486): CodeIgniter\CodeIgniter->startController()
 6 SYSTEMPATH\CodeIgniter.php(368): CodeIgniter\CodeIgniter->handleRequest(null, Object(Config\Cache), false)
 7 FCPATH\index.php(67): CodeIgniter\CodeIgniter->run()
INFO - 2023-05-03 08:16:44 --> Session: Class initialized using 'CodeIgniter\Session\Handlers\FileHandler' driver.
INFO - 2023-05-03 08:16:49 --> Session: Class initialized using 'CodeIgniter\Session\Handlers\FileHandler' driver.
INFO - 2023-05-03 08:16:49 --> Session: Class initialized using 'CodeIgniter\Session\Handlers\FileHandler' driver.
INFO - 2023-05-03 08:16:49 --> Session: Class initialized using 'CodeIgniter\Session\Handlers\FileHandler' driver.
